#
# There is insufficient memory for the Java Runtime Environment to continue.
# Native memory allocation (mmap) failed to map 65536 bytes for Failed to commit metaspace.
# Possible reasons:
#   The system is out of physical RAM or swap space
#   The process is running with CompressedOops enabled, and the Java Heap may be blocking the growth of the native heap
# Possible solutions:
#   Reduce memory load on the system
#   Increase physical memory or swap space
#   Check if swap backing store is full
#   Decrease Java heap size (-Xmx/-Xms)
#   Decrease number of Java threads
#   Decrease Java thread stack sizes (-Xss)
#   Set larger code cache with -XX:ReservedCodeCacheSize=
#   JVM is running with Zero Based Compressed Oops mode in which the Java heap is
#     placed in the first 32GB address space. The Java Heap base address is the
#     maximum limit for the native heap growth. Please use -XX:HeapBaseMinAddress
#     to set the Java Heap base and to place the Java Heap above 32GB virtual address.
# This output file may be truncated or incomplete.
#
#  Out of Memory Error (virtualSpaceNode.cpp:110), pid=8956, tid=20280
#
# JRE version: OpenJDK Runtime Environment (19.0+36) (build 19+36-2238)
# Java VM: OpenJDK 64-Bit Server VM (19+36-2238, mixed mode, sharing, tiered, compressed oops, compressed class ptrs, g1 gc, windows-amd64)
# No core dump will be written. Minidumps are not enabled by default on client versions of Windows
#

---------------  S U M M A R Y ------------

Command Line: -javaagent:C:\Program Files\JetBrains\IntelliJ IDEA Community Edition 2022.2.3\lib\idea_rt.jar=50634:C:\Program Files\JetBrains\IntelliJ IDEA Community Edition 2022.2.3\bin -Dfile.encoding=UTF-8 -Dsun.stdout.encoding=UTF-8 -Dsun.stderr.encoding=UTF-8 com.rs.UserApplication

Host: 11th Gen Intel(R) Core(TM) i5-11400H @ 2.70GHz, 12 cores, 15G,  Windows 11 , 64 bit Build 22621 (10.0.22621.3958)
Time: Tue Aug 13 19:29:00 2024 SE Asia Standard Time elapsed time: 0.050963 seconds (0d 0h 0m 0s)

---------------  T H R E A D  ---------------

Current thread (0x00000284fe39f860):  JavaThread "C1 CompilerThread0" daemon [_thread_in_vm, id=20280, stack(0x000000ee13500000,0x000000ee13600000)]


Current CompileTask:
C1:     51   23       3       java.lang.String::charAt (25 bytes)

Stack: [0x000000ee13500000,0x000000ee13600000]
Native frames: (J=compiled Java code, j=interpreted, Vv=VM code, C=native code)
V  [jvm.dll+0x6ee8fa]
V  [jvm.dll+0x857a1e]
V  [jvm.dll+0x85940e]
V  [jvm.dll+0x859ac3]
V  [jvm.dll+0x28291f]
V  [jvm.dll+0x85369b]
V  [jvm.dll+0x693276]
V  [jvm.dll+0x6932da]
V  [jvm.dll+0x695bd3]
V  [jvm.dll+0x695a9e]
V  [jvm.dll+0x693c9e]
V  [jvm.dll+0x6a557a]
V  [jvm.dll+0x69e54a]
V  [jvm.dll+0x2002f0]
V  [jvm.dll+0x2004d8]
V  [jvm.dll+0x160f1e]
V  [jvm.dll+0x161278]
V  [jvm.dll+0x1606d6]
V  [jvm.dll+0x1623cd]
V  [jvm.dll+0x25b0fa]
V  [jvm.dll+0x259588]
V  [jvm.dll+0x807928]
V  [jvm.dll+0x8015fa]
V  [jvm.dll+0x6ed5eb]
C  [ucrtbase.dll+0x29333]
C  [KERNEL32.DLL+0x1257d]
C  [ntdll.dll+0x5af28]


---------------  P R O C E S S  ---------------

Threads class SMR info:
_java_thread_list=0x00000284fe3707d0, length=10, elements={
0x00000284dac412a0, 0x00000284fe3882b0, 0x00000284fe3890a0, 0x00000284fe38d230,
0x00000284fe38ee60, 0x00000284fe392230, 0x00000284fe39b620, 0x00000284fe39eb40,
0x00000284fe39f860, 0x00000284fe39c0c0
}

Java Threads: ( => current thread )
  0x00000284dac412a0 JavaThread "main" [_thread_in_vm, id=12040, stack(0x000000ee12700000,0x000000ee12800000)]
  0x00000284fe3882b0 JavaThread "Reference Handler" daemon [_thread_blocked, id=1316, stack(0x000000ee12e00000,0x000000ee12f00000)]
  0x00000284fe3890a0 JavaThread "Finalizer" daemon [_thread_blocked, id=21396, stack(0x000000ee12f00000,0x000000ee13000000)]
  0x00000284fe38d230 JavaThread "Signal Dispatcher" daemon [_thread_blocked, id=21168, stack(0x000000ee13000000,0x000000ee13100000)]
  0x00000284fe38ee60 JavaThread "Attach Listener" daemon [_thread_blocked, id=18688, stack(0x000000ee13100000,0x000000ee13200000)]
  0x00000284fe392230 JavaThread "Service Thread" daemon [_thread_blocked, id=16632, stack(0x000000ee13200000,0x000000ee13300000)]
  0x00000284fe39b620 JavaThread "Monitor Deflation Thread" daemon [_thread_blocked, id=12260, stack(0x000000ee13300000,0x000000ee13400000)]
  0x00000284fe39eb40 JavaThread "C2 CompilerThread0" daemon [_thread_blocked, id=15544, stack(0x000000ee13400000,0x000000ee13500000)]
=>0x00000284fe39f860 JavaThread "C1 CompilerThread0" daemon [_thread_in_vm, id=20280, stack(0x000000ee13500000,0x000000ee13600000)]
  0x00000284fe39c0c0 JavaThread "Sweeper thread" daemon [_thread_blocked, id=21156, stack(0x000000ee13600000,0x000000ee13700000)]

Other Threads:
  0x00000284fe3698e0 VMThread "VM Thread" [stack: 0x000000ee12d00000,0x000000ee12e00000] [id=18868]
  0x00000284dacb1250 WorkerThread "GC Thread#0" [stack: 0x000000ee12800000,0x000000ee12900000] [id=19772]
  0x00000284dacc1fe0 ConcurrentGCThread "G1 Main Marker" [stack: 0x000000ee12900000,0x000000ee12a00000] [id=21204]
  0x00000284dacc31b0 WorkerThread "G1 Conc#0" [stack: 0x000000ee12a00000,0x000000ee12b00000] [id=19244]
  0x00000284fe2228d0 ConcurrentGCThread "G1 Refine#0" [stack: 0x000000ee12b00000,0x000000ee12c00000] [id=1884]
  0x00000284fe223410 ConcurrentGCThread "G1 Service" [stack: 0x000000ee12c00000,0x000000ee12d00000] [id=17260]

Threads with active compile tasks:
C1 CompilerThread0       71   23       3       java.lang.String::charAt (25 bytes)

VM state: not at safepoint (normal execution)

VM Mutex/Monitor currently owned by a thread:  ([mutex/lock_event])
[0x00000284dac3b940] Metaspace_lock - owner thread: 0x00000284fe39f860
[0x00000284dac3bb40] MethodData_lock - owner thread: 0x00000284fe39f860

Heap address: 0x0000000703600000, size: 4042 MB, Compressed Oops mode: Zero based, Oop shift amount: 3

CDS archive(s) mapped at: [0x0000000800000000-0x0000000800c40000-0x0000000800c40000), size 12845056, SharedBaseAddress: 0x0000000800000000, ArchiveRelocationMode: 0.
Compressed class space mapped at: 0x0000000801000000-0x0000000841000000, reserved size: 1073741824
Narrow klass base: 0x0000000800000000, Narrow klass shift: 0, Narrow klass range: 0x100000000

GC Precious Log:
 CardTable entry size: 512
 Card Set container configuration: InlinePtr #cards 4 size 8 Array Of Cards #cards 8 size 32 Howl #buckets 8 coarsen threshold 3686 Howl Bitmap #cards 512 size 80 coarsen threshold 460 Card regions per heap region 1 cards per card region 4096
 CPUs: 12 total, 12 available
 Memory: 16163M
 Large Page Support: Disabled
 NUMA Support: Disabled
 Compressed Oops: Enabled (Zero based)
 Heap Region Size: 2M
 Heap Min Capacity: 8M
 Heap Initial Capacity: 254M
 Heap Max Capacity: 4042M
 Pre-touch: Disabled
 Parallel Workers: 10
 Concurrent Workers: 3
 Concurrent Refinement Workers: 10
 Periodic GC: Disabled

Heap:
 garbage-first heap   total 260096K, used 0K [0x0000000703600000, 0x0000000800000000)
  region size 2048K, 1 young (2048K), 0 survivors (0K)
 Metaspace       used 65K, committed 128K, reserved 1114112K
  class space    used 1K, committed 64K, reserved 1048576K

Heap Regions: E=young(eden), S=young(survivor), O=old, HS=humongous(starts), HC=humongous(continues), CS=collection set, F=free, OA=open archive, CA=closed archive, TAMS=top-at-mark-start (previous, next)
|   0|0x0000000703600000, 0x0000000703600000, 0x0000000703800000|  0%| F|  |TAMS 0x0000000703600000, 0x0000000703600000| Untracked 
|   1|0x0000000703800000, 0x0000000703800000, 0x0000000703a00000|  0%| F|  |TAMS 0x0000000703800000, 0x0000000703800000| Untracked 
|   2|0x0000000703a00000, 0x0000000703a00000, 0x0000000703c00000|  0%| F|  |TAMS 0x0000000703a00000, 0x0000000703a00000| Untracked 
|   3|0x0000000703c00000, 0x0000000703c00000, 0x0000000703e00000|  0%| F|  |TAMS 0x0000000703c00000, 0x0000000703c00000| Untracked 
|   4|0x0000000703e00000, 0x0000000703e00000, 0x0000000704000000|  0%| F|  |TAMS 0x0000000703e00000, 0x0000000703e00000| Untracked 
|   5|0x0000000704000000, 0x0000000704000000, 0x0000000704200000|  0%| F|  |TAMS 0x0000000704000000, 0x0000000704000000| Untracked 
|   6|0x0000000704200000, 0x0000000704200000, 0x0000000704400000|  0%| F|  |TAMS 0x0000000704200000, 0x0000000704200000| Untracked 
|   7|0x0000000704400000, 0x0000000704400000, 0x0000000704600000|  0%| F|  |TAMS 0x0000000704400000, 0x0000000704400000| Untracked 
|   8|0x0000000704600000, 0x0000000704600000, 0x0000000704800000|  0%| F|  |TAMS 0x0000000704600000, 0x0000000704600000| Untracked 
|   9|0x0000000704800000, 0x0000000704800000, 0x0000000704a00000|  0%| F|  |TAMS 0x0000000704800000, 0x0000000704800000| Untracked 
|  10|0x0000000704a00000, 0x0000000704a00000, 0x0000000704c00000|  0%| F|  |TAMS 0x0000000704a00000, 0x0000000704a00000| Untracked 
|  11|0x0000000704c00000, 0x0000000704c00000, 0x0000000704e00000|  0%| F|  |TAMS 0x0000000704c00000, 0x0000000704c00000| Untracked 
|  12|0x0000000704e00000, 0x0000000704e00000, 0x0000000705000000|  0%| F|  |TAMS 0x0000000704e00000, 0x0000000704e00000| Untracked 
|  13|0x0000000705000000, 0x0000000705000000, 0x0000000705200000|  0%| F|  |TAMS 0x0000000705000000, 0x0000000705000000| Untracked 
|  14|0x0000000705200000, 0x0000000705200000, 0x0000000705400000|  0%| F|  |TAMS 0x0000000705200000, 0x0000000705200000| Untracked 
|  15|0x0000000705400000, 0x0000000705400000, 0x0000000705600000|  0%| F|  |TAMS 0x0000000705400000, 0x0000000705400000| Untracked 
|  16|0x0000000705600000, 0x0000000705600000, 0x0000000705800000|  0%| F|  |TAMS 0x0000000705600000, 0x0000000705600000| Untracked 
|  17|0x0000000705800000, 0x0000000705800000, 0x0000000705a00000|  0%| F|  |TAMS 0x0000000705800000, 0x0000000705800000| Untracked 
|  18|0x0000000705a00000, 0x0000000705a00000, 0x0000000705c00000|  0%| F|  |TAMS 0x0000000705a00000, 0x0000000705a00000| Untracked 
|  19|0x0000000705c00000, 0x0000000705c00000, 0x0000000705e00000|  0%| F|  |TAMS 0x0000000705c00000, 0x0000000705c00000| Untracked 
|  20|0x0000000705e00000, 0x0000000705e00000, 0x0000000706000000|  0%| F|  |TAMS 0x0000000705e00000, 0x0000000705e00000| Untracked 
|  21|0x0000000706000000, 0x0000000706000000, 0x0000000706200000|  0%| F|  |TAMS 0x0000000706000000, 0x0000000706000000| Untracked 
|  22|0x0000000706200000, 0x0000000706200000, 0x0000000706400000|  0%| F|  |TAMS 0x0000000706200000, 0x0000000706200000| Untracked 
|  23|0x0000000706400000, 0x0000000706400000, 0x0000000706600000|  0%| F|  |TAMS 0x0000000706400000, 0x0000000706400000| Untracked 
|  24|0x0000000706600000, 0x0000000706600000, 0x0000000706800000|  0%| F|  |TAMS 0x0000000706600000, 0x0000000706600000| Untracked 
|  25|0x0000000706800000, 0x0000000706800000, 0x0000000706a00000|  0%| F|  |TAMS 0x0000000706800000, 0x0000000706800000| Untracked 
|  26|0x0000000706a00000, 0x0000000706a00000, 0x0000000706c00000|  0%| F|  |TAMS 0x0000000706a00000, 0x0000000706a00000| Untracked 
|  27|0x0000000706c00000, 0x0000000706c00000, 0x0000000706e00000|  0%| F|  |TAMS 0x0000000706c00000, 0x0000000706c00000| Untracked 
|  28|0x0000000706e00000, 0x0000000706e00000, 0x0000000707000000|  0%| F|  |TAMS 0x0000000706e00000, 0x0000000706e00000| Untracked 
|  29|0x0000000707000000, 0x0000000707000000, 0x0000000707200000|  0%| F|  |TAMS 0x0000000707000000, 0x0000000707000000| Untracked 
|  30|0x0000000707200000, 0x0000000707200000, 0x0000000707400000|  0%| F|  |TAMS 0x0000000707200000, 0x0000000707200000| Untracked 
|  31|0x0000000707400000, 0x0000000707400000, 0x0000000707600000|  0%| F|  |TAMS 0x0000000707400000, 0x0000000707400000| Untracked 
|  32|0x0000000707600000, 0x0000000707600000, 0x0000000707800000|  0%| F|  |TAMS 0x0000000707600000, 0x0000000707600000| Untracked 
|  33|0x0000000707800000, 0x0000000707800000, 0x0000000707a00000|  0%| F|  |TAMS 0x0000000707800000, 0x0000000707800000| Untracked 
|  34|0x0000000707a00000, 0x0000000707a00000, 0x0000000707c00000|  0%| F|  |TAMS 0x0000000707a00000, 0x0000000707a00000| Untracked 
|  35|0x0000000707c00000, 0x0000000707c00000, 0x0000000707e00000|  0%| F|  |TAMS 0x0000000707c00000, 0x0000000707c00000| Untracked 
|  36|0x0000000707e00000, 0x0000000707e00000, 0x0000000708000000|  0%| F|  |TAMS 0x0000000707e00000, 0x0000000707e00000| Untracked 
|  37|0x0000000708000000, 0x0000000708000000, 0x0000000708200000|  0%| F|  |TAMS 0x0000000708000000, 0x0000000708000000| Untracked 
|  38|0x0000000708200000, 0x0000000708200000, 0x0000000708400000|  0%| F|  |TAMS 0x0000000708200000, 0x0000000708200000| Untracked 
|  39|0x0000000708400000, 0x0000000708400000, 0x0000000708600000|  0%| F|  |TAMS 0x0000000708400000, 0x0000000708400000| Untracked 
|  40|0x0000000708600000, 0x0000000708600000, 0x0000000708800000|  0%| F|  |TAMS 0x0000000708600000, 0x0000000708600000| Untracked 
|  41|0x0000000708800000, 0x0000000708800000, 0x0000000708a00000|  0%| F|  |TAMS 0x0000000708800000, 0x0000000708800000| Untracked 
|  42|0x0000000708a00000, 0x0000000708a00000, 0x0000000708c00000|  0%| F|  |TAMS 0x0000000708a00000, 0x0000000708a00000| Untracked 
|  43|0x0000000708c00000, 0x0000000708c00000, 0x0000000708e00000|  0%| F|  |TAMS 0x0000000708c00000, 0x0000000708c00000| Untracked 
|  44|0x0000000708e00000, 0x0000000708e00000, 0x0000000709000000|  0%| F|  |TAMS 0x0000000708e00000, 0x0000000708e00000| Untracked 
|  45|0x0000000709000000, 0x0000000709000000, 0x0000000709200000|  0%| F|  |TAMS 0x0000000709000000, 0x0000000709000000| Untracked 
|  46|0x0000000709200000, 0x0000000709200000, 0x0000000709400000|  0%| F|  |TAMS 0x0000000709200000, 0x0000000709200000| Untracked 
|  47|0x0000000709400000, 0x0000000709400000, 0x0000000709600000|  0%| F|  |TAMS 0x0000000709400000, 0x0000000709400000| Untracked 
|  48|0x0000000709600000, 0x0000000709600000, 0x0000000709800000|  0%| F|  |TAMS 0x0000000709600000, 0x0000000709600000| Untracked 
|  49|0x0000000709800000, 0x0000000709800000, 0x0000000709a00000|  0%| F|  |TAMS 0x0000000709800000, 0x0000000709800000| Untracked 
|  50|0x0000000709a00000, 0x0000000709a00000, 0x0000000709c00000|  0%| F|  |TAMS 0x0000000709a00000, 0x0000000709a00000| Untracked 
|  51|0x0000000709c00000, 0x0000000709c00000, 0x0000000709e00000|  0%| F|  |TAMS 0x0000000709c00000, 0x0000000709c00000| Untracked 
|  52|0x0000000709e00000, 0x0000000709e00000, 0x000000070a000000|  0%| F|  |TAMS 0x0000000709e00000, 0x0000000709e00000| Untracked 
|  53|0x000000070a000000, 0x000000070a000000, 0x000000070a200000|  0%| F|  |TAMS 0x000000070a000000, 0x000000070a000000| Untracked 
|  54|0x000000070a200000, 0x000000070a200000, 0x000000070a400000|  0%| F|  |TAMS 0x000000070a200000, 0x000000070a200000| Untracked 
|  55|0x000000070a400000, 0x000000070a400000, 0x000000070a600000|  0%| F|  |TAMS 0x000000070a400000, 0x000000070a400000| Untracked 
|  56|0x000000070a600000, 0x000000070a600000, 0x000000070a800000|  0%| F|  |TAMS 0x000000070a600000, 0x000000070a600000| Untracked 
|  57|0x000000070a800000, 0x000000070a800000, 0x000000070aa00000|  0%| F|  |TAMS 0x000000070a800000, 0x000000070a800000| Untracked 
|  58|0x000000070aa00000, 0x000000070aa00000, 0x000000070ac00000|  0%| F|  |TAMS 0x000000070aa00000, 0x000000070aa00000| Untracked 
|  59|0x000000070ac00000, 0x000000070ac00000, 0x000000070ae00000|  0%| F|  |TAMS 0x000000070ac00000, 0x000000070ac00000| Untracked 
|  60|0x000000070ae00000, 0x000000070ae00000, 0x000000070b000000|  0%| F|  |TAMS 0x000000070ae00000, 0x000000070ae00000| Untracked 
|  61|0x000000070b000000, 0x000000070b000000, 0x000000070b200000|  0%| F|  |TAMS 0x000000070b000000, 0x000000070b000000| Untracked 
|  62|0x000000070b200000, 0x000000070b200000, 0x000000070b400000|  0%| F|  |TAMS 0x000000070b200000, 0x000000070b200000| Untracked 
|  63|0x000000070b400000, 0x000000070b400000, 0x000000070b600000|  0%| F|  |TAMS 0x000000070b400000, 0x000000070b400000| Untracked 
|  64|0x000000070b600000, 0x000000070b600000, 0x000000070b800000|  0%| F|  |TAMS 0x000000070b600000, 0x000000070b600000| Untracked 
|  65|0x000000070b800000, 0x000000070b800000, 0x000000070ba00000|  0%| F|  |TAMS 0x000000070b800000, 0x000000070b800000| Untracked 
|  66|0x000000070ba00000, 0x000000070ba00000, 0x000000070bc00000|  0%| F|  |TAMS 0x000000070ba00000, 0x000000070ba00000| Untracked 
|  67|0x000000070bc00000, 0x000000070bc00000, 0x000000070be00000|  0%| F|  |TAMS 0x000000070bc00000, 0x000000070bc00000| Untracked 
|  68|0x000000070be00000, 0x000000070be00000, 0x000000070c000000|  0%| F|  |TAMS 0x000000070be00000, 0x000000070be00000| Untracked 
|  69|0x000000070c000000, 0x000000070c000000, 0x000000070c200000|  0%| F|  |TAMS 0x000000070c000000, 0x000000070c000000| Untracked 
|  70|0x000000070c200000, 0x000000070c200000, 0x000000070c400000|  0%| F|  |TAMS 0x000000070c200000, 0x000000070c200000| Untracked 
|  71|0x000000070c400000, 0x000000070c400000, 0x000000070c600000|  0%| F|  |TAMS 0x000000070c400000, 0x000000070c400000| Untracked 
|  72|0x000000070c600000, 0x000000070c600000, 0x000000070c800000|  0%| F|  |TAMS 0x000000070c600000, 0x000000070c600000| Untracked 
|  73|0x000000070c800000, 0x000000070c800000, 0x000000070ca00000|  0%| F|  |TAMS 0x000000070c800000, 0x000000070c800000| Untracked 
|  74|0x000000070ca00000, 0x000000070ca00000, 0x000000070cc00000|  0%| F|  |TAMS 0x000000070ca00000, 0x000000070ca00000| Untracked 
|  75|0x000000070cc00000, 0x000000070cc00000, 0x000000070ce00000|  0%| F|  |TAMS 0x000000070cc00000, 0x000000070cc00000| Untracked 
|  76|0x000000070ce00000, 0x000000070ce00000, 0x000000070d000000|  0%| F|  |TAMS 0x000000070ce00000, 0x000000070ce00000| Untracked 
|  77|0x000000070d000000, 0x000000070d000000, 0x000000070d200000|  0%| F|  |TAMS 0x000000070d000000, 0x000000070d000000| Untracked 
|  78|0x000000070d200000, 0x000000070d200000, 0x000000070d400000|  0%| F|  |TAMS 0x000000070d200000, 0x000000070d200000| Untracked 
|  79|0x000000070d400000, 0x000000070d400000, 0x000000070d600000|  0%| F|  |TAMS 0x000000070d400000, 0x000000070d400000| Untracked 
|  80|0x000000070d600000, 0x000000070d600000, 0x000000070d800000|  0%| F|  |TAMS 0x000000070d600000, 0x000000070d600000| Untracked 
|  81|0x000000070d800000, 0x000000070d800000, 0x000000070da00000|  0%| F|  |TAMS 0x000000070d800000, 0x000000070d800000| Untracked 
|  82|0x000000070da00000, 0x000000070da00000, 0x000000070dc00000|  0%| F|  |TAMS 0x000000070da00000, 0x000000070da00000| Untracked 
|  83|0x000000070dc00000, 0x000000070dc00000, 0x000000070de00000|  0%| F|  |TAMS 0x000000070dc00000, 0x000000070dc00000| Untracked 
|  84|0x000000070de00000, 0x000000070de00000, 0x000000070e000000|  0%| F|  |TAMS 0x000000070de00000, 0x000000070de00000| Untracked 
|  85|0x000000070e000000, 0x000000070e000000, 0x000000070e200000|  0%| F|  |TAMS 0x000000070e000000, 0x000000070e000000| Untracked 
|  86|0x000000070e200000, 0x000000070e200000, 0x000000070e400000|  0%| F|  |TAMS 0x000000070e200000, 0x000000070e200000| Untracked 
|  87|0x000000070e400000, 0x000000070e400000, 0x000000070e600000|  0%| F|  |TAMS 0x000000070e400000, 0x000000070e400000| Untracked 
|  88|0x000000070e600000, 0x000000070e600000, 0x000000070e800000|  0%| F|  |TAMS 0x000000070e600000, 0x000000070e600000| Untracked 
|  89|0x000000070e800000, 0x000000070e800000, 0x000000070ea00000|  0%| F|  |TAMS 0x000000070e800000, 0x000000070e800000| Untracked 
|  90|0x000000070ea00000, 0x000000070ea00000, 0x000000070ec00000|  0%| F|  |TAMS 0x000000070ea00000, 0x000000070ea00000| Untracked 
|  91|0x000000070ec00000, 0x000000070ec00000, 0x000000070ee00000|  0%| F|  |TAMS 0x000000070ec00000, 0x000000070ec00000| Untracked 
|  92|0x000000070ee00000, 0x000000070ee00000, 0x000000070f000000|  0%| F|  |TAMS 0x000000070ee00000, 0x000000070ee00000| Untracked 
|  93|0x000000070f000000, 0x000000070f000000, 0x000000070f200000|  0%| F|  |TAMS 0x000000070f000000, 0x000000070f000000| Untracked 
|  94|0x000000070f200000, 0x000000070f200000, 0x000000070f400000|  0%| F|  |TAMS 0x000000070f200000, 0x000000070f200000| Untracked 
|  95|0x000000070f400000, 0x000000070f400000, 0x000000070f600000|  0%| F|  |TAMS 0x000000070f400000, 0x000000070f400000| Untracked 
|  96|0x000000070f600000, 0x000000070f600000, 0x000000070f800000|  0%| F|  |TAMS 0x000000070f600000, 0x000000070f600000| Untracked 
|  97|0x000000070f800000, 0x000000070f800000, 0x000000070fa00000|  0%| F|  |TAMS 0x000000070f800000, 0x000000070f800000| Untracked 
|  98|0x000000070fa00000, 0x000000070fa00000, 0x000000070fc00000|  0%| F|  |TAMS 0x000000070fa00000, 0x000000070fa00000| Untracked 
|  99|0x000000070fc00000, 0x000000070fc00000, 0x000000070fe00000|  0%| F|  |TAMS 0x000000070fc00000, 0x000000070fc00000| Untracked 
| 100|0x000000070fe00000, 0x000000070fe00000, 0x0000000710000000|  0%| F|  |TAMS 0x000000070fe00000, 0x000000070fe00000| Untracked 
| 101|0x0000000710000000, 0x0000000710000000, 0x0000000710200000|  0%| F|  |TAMS 0x0000000710000000, 0x0000000710000000| Untracked 
| 102|0x0000000710200000, 0x0000000710200000, 0x0000000710400000|  0%| F|  |TAMS 0x0000000710200000, 0x0000000710200000| Untracked 
| 103|0x0000000710400000, 0x0000000710400000, 0x0000000710600000|  0%| F|  |TAMS 0x0000000710400000, 0x0000000710400000| Untracked 
| 104|0x0000000710600000, 0x0000000710600000, 0x0000000710800000|  0%| F|  |TAMS 0x0000000710600000, 0x0000000710600000| Untracked 
| 105|0x0000000710800000, 0x0000000710800000, 0x0000000710a00000|  0%| F|  |TAMS 0x0000000710800000, 0x0000000710800000| Untracked 
| 106|0x0000000710a00000, 0x0000000710a00000, 0x0000000710c00000|  0%| F|  |TAMS 0x0000000710a00000, 0x0000000710a00000| Untracked 
| 107|0x0000000710c00000, 0x0000000710c00000, 0x0000000710e00000|  0%| F|  |TAMS 0x0000000710c00000, 0x0000000710c00000| Untracked 
| 108|0x0000000710e00000, 0x0000000710e00000, 0x0000000711000000|  0%| F|  |TAMS 0x0000000710e00000, 0x0000000710e00000| Untracked 
| 109|0x0000000711000000, 0x0000000711000000, 0x0000000711200000|  0%| F|  |TAMS 0x0000000711000000, 0x0000000711000000| Untracked 
| 110|0x0000000711200000, 0x0000000711200000, 0x0000000711400000|  0%| F|  |TAMS 0x0000000711200000, 0x0000000711200000| Untracked 
| 111|0x0000000711400000, 0x0000000711400000, 0x0000000711600000|  0%| F|  |TAMS 0x0000000711400000, 0x0000000711400000| Untracked 
| 112|0x0000000711600000, 0x0000000711600000, 0x0000000711800000|  0%| F|  |TAMS 0x0000000711600000, 0x0000000711600000| Untracked 
| 113|0x0000000711800000, 0x0000000711800000, 0x0000000711a00000|  0%| F|  |TAMS 0x0000000711800000, 0x0000000711800000| Untracked 
| 114|0x0000000711a00000, 0x0000000711a00000, 0x0000000711c00000|  0%| F|  |TAMS 0x0000000711a00000, 0x0000000711a00000| Untracked 
| 115|0x0000000711c00000, 0x0000000711c00000, 0x0000000711e00000|  0%| F|  |TAMS 0x0000000711c00000, 0x0000000711c00000| Untracked 
| 116|0x0000000711e00000, 0x0000000711e00000, 0x0000000712000000|  0%| F|  |TAMS 0x0000000711e00000, 0x0000000711e00000| Untracked 
| 117|0x0000000712000000, 0x0000000712000000, 0x0000000712200000|  0%| F|  |TAMS 0x0000000712000000, 0x0000000712000000| Untracked 
| 118|0x0000000712200000, 0x0000000712200000, 0x0000000712400000|  0%| F|  |TAMS 0x0000000712200000, 0x0000000712200000| Untracked 
| 119|0x0000000712400000, 0x0000000712400000, 0x0000000712600000|  0%| F|  |TAMS 0x0000000712400000, 0x0000000712400000| Untracked 
| 120|0x0000000712600000, 0x0000000712600000, 0x0000000712800000|  0%| F|  |TAMS 0x0000000712600000, 0x0000000712600000| Untracked 
| 121|0x0000000712800000, 0x0000000712800000, 0x0000000712a00000|  0%| F|  |TAMS 0x0000000712800000, 0x0000000712800000| Untracked 
| 122|0x0000000712a00000, 0x0000000712a00000, 0x0000000712c00000|  0%| F|  |TAMS 0x0000000712a00000, 0x0000000712a00000| Untracked 
| 123|0x0000000712c00000, 0x0000000712c00000, 0x0000000712e00000|  0%| F|  |TAMS 0x0000000712c00000, 0x0000000712c00000| Untracked 
| 124|0x0000000712e00000, 0x0000000712e00000, 0x0000000713000000|  0%| F|  |TAMS 0x0000000712e00000, 0x0000000712e00000| Untracked 
| 125|0x0000000713000000, 0x0000000713000000, 0x0000000713200000|  0%| F|  |TAMS 0x0000000713000000, 0x0000000713000000| Untracked 
| 126|0x0000000713200000, 0x0000000713351fb8, 0x0000000713400000| 66%| E|  |TAMS 0x0000000713200000, 0x0000000713200000| Complete 

Card table byte_map: [0x00000284f28c0000,0x00000284f30b0000] _byte_map_base: 0x00000284ef0a5000

Marking Bits (Prev, Next): (CMBitMap*) 0x00000284dacb1880, (CMBitMap*) 0x00000284dacb18c0
 Prev Bits: [0x00000284f38a0000, 0x00000284f77c8000)
 Next Bits: [0x00000284f77d0000, 0x00000284fb6f8000)

Polling page: 0x00000284d8900000

Metaspace:

Usage:
  Non-class:     63.70 KB used.
      Class:      1.52 KB used.
       Both:     65.22 KB used.

Virtual space:
  Non-class space:       64.00 MB reserved,      64.00 KB ( <1%) committed,  1 nodes.
      Class space:        1.00 GB reserved,      64.00 KB ( <1%) committed,  1 nodes.
             Both:        1.06 GB reserved,     128.00 KB ( <1%) committed. 

Chunk freelists:
   Non-Class:  0 bytes
       Class:  3.75 MB
        Both:  3.75 MB

MaxMetaspaceSize: unlimited
CompressedClassSpaceSize: 1.00 GB
Initial GC threshold: 21.00 MB
Current GC threshold: 21.00 MB
CDS: on
MetaspaceReclaimPolicy: balanced
 - commit_granule_bytes: 65536.
 - commit_granule_words: 8192.
 - virtual_space_node_default_size: 8388608.
 - enlarge_chunks_in_place: 1.
 - new_chunks_are_fully_committed: 0.
 - uncommit_free_chunks: 1.
 - use_allocation_guard: 0.


Internal statistics:

num_allocs_failed_limit: 0.
num_arena_births: 2.
num_arena_deaths: 0.
num_vsnodes_births: 2.
num_vsnodes_deaths: 0.
num_space_committed: 2.
num_space_uncommitted: 0.
num_chunks_returned_to_freelist: 0.
num_chunks_taken_from_freelist: 3.
num_chunk_merges: 0.
num_chunk_splits: 1.
num_chunks_enlarged: 0.
num_inconsistent_stats: 0.

CodeHeap 'non-profiled nmethods': size=120000Kb used=2Kb max_used=2Kb free=119997Kb
 bounds [0x00000284ea650000, 0x00000284ea8c0000, 0x00000284f1b80000]
CodeHeap 'profiled nmethods': size=120000Kb used=26Kb max_used=26Kb free=119973Kb
 bounds [0x00000284e2b80000, 0x00000284e2df0000, 0x00000284ea0b0000]
CodeHeap 'non-nmethods': size=5760Kb used=1126Kb max_used=1140Kb free=4634Kb
 bounds [0x00000284ea0b0000, 0x00000284ea320000, 0x00000284ea650000]
 total_blobs=302 nmethods=22 adapters=191
 compilation: enabled
              stopped_count=0, restarted_count=0
 full_count=0

Compilation events (20 events):
Event: 0.047 Thread 0x00000284fe39f860 nmethod 10 0x00000284e2b83910 code [0x00000284e2b83ac0, 0x00000284e2b83d58]
Event: 0.047 Thread 0x00000284fe39f860   12       3       java.lang.module.ModuleDescriptor$Exports::hashCode (36 bytes)
Event: 0.047 Thread 0x00000284fe39f860 nmethod 12 0x00000284e2b83e10 code [0x00000284e2b83fe0, 0x00000284e2b84268]
Event: 0.047 Thread 0x00000284fe39f860   15       3       java.util.AbstractCollection::<init> (5 bytes)
Event: 0.047 Thread 0x00000284fe39f860 nmethod 15 0x00000284e2b84390 code [0x00000284e2b84540, 0x00000284e2b84698]
Event: 0.047 Thread 0x00000284fe39f860   16       3       java.util.ImmutableCollections$AbstractImmutableCollection::<init> (5 bytes)
Event: 0.047 Thread 0x00000284fe39f860 nmethod 16 0x00000284e2b84790 code [0x00000284e2b84940, 0x00000284e2b84af8]
Event: 0.047 Thread 0x00000284fe39f860   17       3       java.util.ImmutableCollections$AbstractImmutableSet::<init> (5 bytes)
Event: 0.047 Thread 0x00000284fe39f860 nmethod 17 0x00000284e2b84c10 code [0x00000284e2b84dc0, 0x00000284e2b84fd8]
Event: 0.047 Thread 0x00000284fe39f860   18       3       java.util.Objects::requireNonNull (14 bytes)
Event: 0.048 Thread 0x00000284fe39f860 nmethod 18 0x00000284e2b85110 code [0x00000284e2b852c0, 0x00000284e2b854a8]
Event: 0.048 Thread 0x00000284fe39f860   19       3       java.util.Set::of (68 bytes)
Event: 0.048 Thread 0x00000284fe39f860 nmethod 19 0x00000284e2b85590 code [0x00000284e2b857c0, 0x00000284e2b85fe8]
Event: 0.049 Thread 0x00000284fe39f860   20       3       java.lang.String::coder (15 bytes)
Event: 0.049 Thread 0x00000284fe39f860 nmethod 20 0x00000284e2b86290 code [0x00000284e2b86420, 0x00000284e2b86558]
Event: 0.049 Thread 0x00000284fe39f860   21       3       java.lang.String::length (11 bytes)
Event: 0.049 Thread 0x00000284fe39f860 nmethod 21 0x00000284e2b86610 code [0x00000284e2b867c0, 0x00000284e2b86958]
Event: 0.049 Thread 0x00000284fe39f860   22       1       java.lang.module.ModuleDescriptor::name (5 bytes)
Event: 0.049 Thread 0x00000284fe39f860 nmethod 22 0x00000284ea650010 code [0x00000284ea6501a0, 0x00000284ea650278]
Event: 0.049 Thread 0x00000284fe39f860   23       3       java.lang.String::charAt (25 bytes)

GC Heap History (0 events):
No events

Dll operation events (2 events):
Event: 0.009 Loaded shared library C:\Users\user\.jdks\openjdk-19\bin\java.dll
Event: 0.022 Loaded shared library C:\Users\user\.jdks\openjdk-19\bin\jsvml.dll

Deoptimization events (0 events):
No events

Classes loaded (2 events):
Event: 0.036 Loading class sun/nio/cs/UTF_8$Encoder
Event: 0.037 Loading class sun/nio/cs/UTF_8$Encoder done

Classes unloaded (0 events):
No events

Classes redefined (0 events):
No events

Internal exceptions (0 events):
No events

VM Operations (0 events):
No events

Events (10 events):
Event: 0.023 Thread 0x00000284dac412a0 Thread added: 0x00000284dac412a0
Event: 0.038 Thread 0x00000284fe3882b0 Thread added: 0x00000284fe3882b0
Event: 0.039 Thread 0x00000284fe3890a0 Thread added: 0x00000284fe3890a0
Event: 0.039 Thread 0x00000284fe38d230 Thread added: 0x00000284fe38d230
Event: 0.039 Thread 0x00000284fe38ee60 Thread added: 0x00000284fe38ee60
Event: 0.039 Thread 0x00000284fe392230 Thread added: 0x00000284fe392230
Event: 0.039 Thread 0x00000284fe39b620 Thread added: 0x00000284fe39b620
Event: 0.040 Thread 0x00000284fe39eb40 Thread added: 0x00000284fe39eb40
Event: 0.040 Thread 0x00000284fe39f860 Thread added: 0x00000284fe39f860
Event: 0.040 Thread 0x00000284fe39c0c0 Thread added: 0x00000284fe39c0c0


Dynamic libraries:
0x00007ff639c20000 - 0x00007ff639c2e000 	C:\Users\user\.jdks\openjdk-19\bin\java.exe
0x00007ffa5edb0000 - 0x00007ffa5efc7000 	C:\WINDOWS\SYSTEM32\ntdll.dll
0x00007ffa5e0c0000 - 0x00007ffa5e184000 	C:\WINDOWS\System32\KERNEL32.DLL
0x00007ffa5c100000 - 0x00007ffa5c4ad000 	C:\WINDOWS\System32\KERNELBASE.dll
0x00007ffa5c790000 - 0x00007ffa5c8a1000 	C:\WINDOWS\System32\ucrtbase.dll
0x00007ffa464f0000 - 0x00007ffa46507000 	C:\Users\user\.jdks\openjdk-19\bin\jli.dll
0x00007ffa1f100000 - 0x00007ffa1f11b000 	C:\Users\user\.jdks\openjdk-19\bin\VCRUNTIME140.dll
0x00007ffa5e670000 - 0x00007ffa5e81e000 	C:\WINDOWS\System32\USER32.dll
0x00007ffa480c0000 - 0x00007ffa48353000 	C:\WINDOWS\WinSxS\amd64_microsoft.windows.common-controls_6595b64144ccf1df_6.0.22621.3672_none_2713b9d173822955\COMCTL32.dll
0x00007ffa5c0d0000 - 0x00007ffa5c0f6000 	C:\WINDOWS\System32\win32u.dll
0x00007ffa5eb60000 - 0x00007ffa5ec07000 	C:\WINDOWS\System32\msvcrt.dll
0x00007ffa5ece0000 - 0x00007ffa5ed09000 	C:\WINDOWS\System32\GDI32.dll
0x00007ffa5c8b0000 - 0x00007ffa5c9c9000 	C:\WINDOWS\System32\gdi32full.dll
0x00007ffa5ca40000 - 0x00007ffa5cada000 	C:\WINDOWS\System32\msvcp_win.dll
0x00007ffa5caf0000 - 0x00007ffa5cb21000 	C:\WINDOWS\System32\IMM32.DLL
0x00007ffa560e0000 - 0x00007ffa560ec000 	C:\Users\user\.jdks\openjdk-19\bin\vcruntime140_1.dll
0x00007ff9a8fa0000 - 0x00007ff9a902e000 	C:\Users\user\.jdks\openjdk-19\bin\msvcp140.dll
0x00007ff9a80f0000 - 0x00007ff9a8db0000 	C:\Users\user\.jdks\openjdk-19\bin\server\jvm.dll
0x00007ffa5e500000 - 0x00007ffa5e5b2000 	C:\WINDOWS\System32\ADVAPI32.dll
0x00007ffa5e5c0000 - 0x00007ffa5e669000 	C:\WINDOWS\System32\sechost.dll
0x00007ffa5c4b0000 - 0x00007ffa5c4d8000 	C:\WINDOWS\System32\bcrypt.dll
0x00007ffa5e230000 - 0x00007ffa5e344000 	C:\WINDOWS\System32\RPCRT4.dll
0x00007ffa55040000 - 0x00007ffa55074000 	C:\WINDOWS\SYSTEM32\WINMM.dll
0x00007ff9d1640000 - 0x00007ff9d1649000 	C:\WINDOWS\SYSTEM32\WSOCK32.dll
0x00007ffa52660000 - 0x00007ffa5266a000 	C:\WINDOWS\SYSTEM32\VERSION.dll
0x00007ffa5e040000 - 0x00007ffa5e0b1000 	C:\WINDOWS\System32\WS2_32.dll
0x00007ffa5b150000 - 0x00007ffa5b168000 	C:\WINDOWS\SYSTEM32\kernel.appcore.dll
0x00007ffa242e0000 - 0x00007ffa242ea000 	C:\Users\user\.jdks\openjdk-19\bin\jimage.dll
0x00007ffa599d0000 - 0x00007ffa59c02000 	C:\WINDOWS\SYSTEM32\DBGHELP.DLL
0x00007ffa5d410000 - 0x00007ffa5d79d000 	C:\WINDOWS\System32\combase.dll
0x00007ffa5e820000 - 0x00007ffa5e8f7000 	C:\WINDOWS\System32\OLEAUT32.dll
0x00007ffa406e0000 - 0x00007ffa40712000 	C:\WINDOWS\SYSTEM32\dbgcore.DLL
0x00007ffa5c710000 - 0x00007ffa5c78b000 	C:\WINDOWS\System32\bcryptPrimitives.dll
0x00007ffa560b0000 - 0x00007ffa560be000 	C:\Users\user\.jdks\openjdk-19\bin\instrument.dll
0x00007ffa1ef60000 - 0x00007ffa1ef86000 	C:\Users\user\.jdks\openjdk-19\bin\java.dll
0x00007ff9a8010000 - 0x00007ff9a80e7000 	C:\Users\user\.jdks\openjdk-19\bin\jsvml.dll
0x00007ffa5cba0000 - 0x00007ffa5d407000 	C:\WINDOWS\System32\SHELL32.dll
0x00007ffa59fe0000 - 0x00007ffa5a8de000 	C:\WINDOWS\SYSTEM32\windows.storage.dll
0x00007ffa59ea0000 - 0x00007ffa59fdf000 	C:\WINDOWS\SYSTEM32\wintypes.dll
0x00007ffa5de90000 - 0x00007ffa5df89000 	C:\WINDOWS\System32\SHCORE.dll
0x00007ffa5ed10000 - 0x00007ffa5ed6e000 	C:\WINDOWS\System32\shlwapi.dll
0x00007ffa5c000000 - 0x00007ffa5c021000 	C:\WINDOWS\SYSTEM32\profapi.dll

dbghelp: loaded successfully - version: 4.0.5 - missing functions: none
symbol engine: initialized successfully - sym options: 0x614 - pdb path: .;C:\Users\user\.jdks\openjdk-19\bin;C:\WINDOWS\SYSTEM32;C:\WINDOWS\WinSxS\amd64_microsoft.windows.common-controls_6595b64144ccf1df_6.0.22621.3672_none_2713b9d173822955;C:\Users\user\.jdks\openjdk-19\bin\server

VM Arguments:
jvm_args: -javaagent:C:\Program Files\JetBrains\IntelliJ IDEA Community Edition 2022.2.3\lib\idea_rt.jar=50634:C:\Program Files\JetBrains\IntelliJ IDEA Community Edition 2022.2.3\bin -Dfile.encoding=UTF-8 -Dsun.stdout.encoding=UTF-8 -Dsun.stderr.encoding=UTF-8 
java_command: com.rs.UserApplication
java_class_path (initial): C:\Users\user\IdeaProjects\Tubes\user\user\user\target\classes;C:\Users\user\.m2\repository\org\springframework\boot\spring-boot-starter-web\2.7.4\spring-boot-starter-web-2.7.4.jar;C:\Users\user\.m2\repository\org\springframework\boot\spring-boot-starter\2.7.4\spring-boot-starter-2.7.4.jar;C:\Users\user\.m2\repository\org\springframework\boot\spring-boot\2.7.4\spring-boot-2.7.4.jar;C:\Users\user\.m2\repository\org\springframework\boot\spring-boot-autoconfigure\2.7.4\spring-boot-autoconfigure-2.7.4.jar;C:\Users\user\.m2\repository\org\springframework\boot\spring-boot-starter-logging\2.7.4\spring-boot-starter-logging-2.7.4.jar;C:\Users\user\.m2\repository\ch\qos\logback\logback-classic\1.2.11\logback-classic-1.2.11.jar;C:\Users\user\.m2\repository\ch\qos\logback\logback-core\1.2.11\logback-core-1.2.11.jar;C:\Users\user\.m2\repository\org\apache\logging\log4j\log4j-to-slf4j\2.17.2\log4j-to-slf4j-2.17.2.jar;C:\Users\user\.m2\repository\org\apache\logging\log4j\log4j-api\2.17.2\log4j-api-2.17.2.jar;C:\Users\user\.m2\repository\org\slf4j\jul-to-slf4j\1.7.36\jul-to-slf4j-1.7.36.jar;C:\Users\user\.m2\repository\jakarta\annotation\jakarta.annotation-api\1.3.5\jakarta.annotation-api-1.3.5.jar;C:\Users\user\.m2\repository\org\yaml\snakeyaml\1.30\snakeyaml-1.30.jar;C:\Users\user\.m2\repository\org\springframework\boot\spring-boot-starter-json\2.7.4\spring-boot-starter-json-2.7.4.jar;C:\Users\user\.m2\repository\com\fasterxml\jackson\datatype\jackson-datatype-jdk8\2.13.4\jackson-datatype-jdk8-2.13.4.jar;C:\Users\user\.m2\repository\com\fasterxml\jackson\datatype\jackson-datatype-jsr310\2.13.4\jackson-datatype-jsr310-2.13.4.jar;C:\Users\user\.m2\repository\com\fasterxml\jackson\module\jackson-module-parameter-names\2.13.4\jackson-module-parameter-names-2.13.4.jar;C:\Users\user\.m2\repository\org\springframework\boot\spring-boot-starter-tomcat\2.7.4\spring-boot-starter-tomcat-2.7.4.jar;C:\Users\user\.m2\repository\org\apache\tomcat\embed\tomcat-embed-core\9.0.65\tomcat-embed-core-9.0.65.jar;C:\Users\user\.m2\repository\org\apache\tomcat\embed\tomcat-embed-websocket\9.0.65\tomcat-embed-websocket-9.0.65.jar;C:\Users\user\.m2\repository\org\springframework\spring-web\5.3.23\spring-web-5.3.23.jar;C:\Users\user\.m2\repository\org\springframework\spring-webmvc\5.3.23\spring-webmvc-5.3.23.jar;C:\Users\user\.m2\repository\io\jsonwebtoken\jjwt\0.9.1\jjwt-0.9.1.jar;C:\Users\user\.m2\repository\com\fasterxml\jackson\core\jackson-databind\2.13.4\jackson-databind-2.13.4.jar;C:\Users\user\.m2\repository\com\fasterxml\jackson\core\jackson-annotations\2.13.4\jackson-annotations-2.13.4.jar;C:\Users\user\.m2\repository\com\fasterxml\jackson\core\jackson-core\2.13.4\jackson-core-2.13.4.jar;C:\Users\user\.m2\repository\org\springframework\boot\spring-boot-starter-data-jpa\2.7.4\spring-boot-starter-data-jpa-2.7.4.jar;C:\Users\user\.m2\repository\org\springframework\boot\spring-boot-starter-aop\2.7.4\spring-boot-starter-aop-2.7.4.jar;C:\Users\user\.m2\repository\org\aspectj\aspectjweaver\1.9.7\aspectjweaver-1.9.7.jar;C:\Users\user\.m2\repository\org\springframework\boot\spring-boot-starter-jdbc\2.7.4\spring-boot-starter-jdbc-2.7.4.jar;C:\Users\user\.m2\repository\com\zaxxer\HikariCP\4.0.3\HikariCP-4.0.3.jar;C:\Users\user\.m2\repository\org\springframework\spring-jdbc\5.3.23\spring-jdbc-5.3.23.jar;C:\Users\user\.m2\repository\jakarta\transaction\jakarta.transaction-api\1.3.3\jakarta.transaction-api-1.3.3.jar;C:\Users\user\.m2\repository\jakarta\persistence\jakarta.persistence-api\2.2.3\jakarta.persistence-api-2.2.3.jar;C:\Users\user\.m2\repository\org\hibernate\hibernate-core\5.6.11.Final\hibernate-core-5.6.11.Final.jar;C:\Users\user\.m2\repository\org\jboss\logging\jboss-logging\3.4.3.Final\jboss-logging-3.4.3.Final.jar;C:\Users\user\.m2\repository\net\bytebuddy\byte-buddy\1.12.17\byte-buddy-1.12.17.jar;C:\Users\user\.m2\repository\antlr\antlr\2.7.7\antlr-2.7.7.jar;C:\Users\user\.m2\repository\org\jboss\jandex\2.4.2.Final\jandex-2.4.2.Final.jar;C:\Users\user\.m2\repository\com\fasterxml\classmate\1.5.1\classmate-1.5.1.jar;C:\Users\user\.m2\repository\org\hibernate\common\hibernate-commons-annotations\5.1.2.Final\hibernate-commons-annotations-5.1.2.Final.jar;C:\Users\user\.m2\repository\org\glassfish\jaxb\jaxb-runtime\2.3.6\jaxb-runtime-2.3.6.jar;C:\Users\user\.m2\repository\org\glassfish\jaxb\txw2\2.3.6\txw2-2.3.6.jar;C:\Users\user\.m2\repository\com\sun\istack\istack-commons-runtime\3.0.12\istack-commons-runtime-3.0.12.jar;C:\Users\user\.m2\repository\com\sun\activation\jakarta.activation\1.2.2\jakarta.activation-1.2.2.jar;C:\Users\user\.m2\repository\org\springframework\data\spring-data-jpa\2.7.3\spring-data-jpa-2.7.3.jar;C:\Users\user\.m2\repository\org\springframework\data\spring-data-commons\2.7.3\spring-data-commons-2.7.3.jar;C:\Users\user\.m2\repository\org\springframework\spring-orm\5.3.23\spring-orm-5.3.23.jar;C:\Users\user\.m2\repository\org\springframework\spring-tx\5.3.23\spring-tx-5.3.23.jar;C:\Users\user\.m2\repository\org\slf4j\slf4j-api\1.7.36\slf4j-api-1.7.36.jar;C:\Users\user\.m2\repository\org\springframework\spring-aspects\5.3.23\spring-aspects-5.3.23.jar;C:\Users\user\.m2\repository\mysql\mysql-connector-java\8.0.23\mysql-connector-java-8.0.23.jar;C:\Users\user\.m2\repository\org\springframework\security\spring-security-web\5.7.3\spring-security-web-5.7.3.jar;C:\Users\user\.m2\repository\org\springframework\security\spring-security-core\5.7.3\spring-security-core-5.7.3.jar;C:\Users\user\.m2\repository\org\springframework\security\spring-security-crypto\5.7.3\spring-security-crypto-5.7.3.jar;C:\Users\user\.m2\repository\org\springframework\spring-core\5.3.23\spring-core-5.3.23.jar;C:\Users\user\.m2\repository\org\springframework\spring-jcl\5.3.23\spring-jcl-5.3.23.jar;C:\Users\user\.m2\repository\org\springframework\spring-aop\5.3.23\spring-aop-5.3.23.jar;C:\Users\user\.m2\repository\org\springframework\spring-beans\5.3.23\spring-beans-5.3.23.jar;C:\Users\user\.m2\repository\org\springframework\spring-context\5.3.23\spring-context-5.3.23.jar;C:\Users\user\.m2\repository\org\springframework\spring-expression\5.3.23\spring-expression-5.3.23.jar;C:\Users\user\.m2\repository\org\springframework\boot\spring-boot-starter-validation\2.7.4\spring-boot-starter-validation-2.7.4.jar;C:\Users\user\.m2\repository\org\apache\tomcat\embed\tomcat-embed-el\9.0.65\tomcat-embed-el-9.0.65.jar;C:\Users\user\.m2\repository\org\hibernate\validator\hibernate-validator\6.2.5.Final\hibernate-validator-6.2.5.Final.jar;C:\Users\user\.m2\repository\jakarta\validation\jakarta.validation-api\2.0.2\jakarta.validation-api-2.0.2.jar;C:\Users\user\.m2\repository\org\springframework\boot\spring-boot-starter-test\2.7.4\spring-boot-starter-test-2.7.4.jar;C:\Users\user\.m2\repository\org\springframework\boot\spring-boot-test\2.7.4\spring-boot-test-2.7.4.jar;C:\Users\user\.m2\repository\org\springframework\boot\spring-boot-test-autoconfigure\2.7.4\spring-boot-test-autoconfigure-2.7.4.jar;C:\Users\user\.m2\repository\com\jayway\jsonpath\json-path\2.7.0\json-path-2.7.0.jar;C:\Users\user\.m2\repository\net\minidev\json-smart\2.4.8\json-smart-2.4.8.jar;C:\Users\user\.m2\repository\net\minidev\accessors-smart\2.4.8\accessors-smart-2.4.8.jar;C:\Users\user\.m2\repository\org\ow2\asm\asm\9.1\asm-9.1.jar;C:\Users\user\.m2\repository\jakarta\xml\bind\jakarta.xml.bind-api\2.3.3\jakarta.xml.bind-api-2.3.3.jar;C:\Users\user\.m2\repository\jakarta\activation\jakarta.activation-api\1.2.2\jakarta.activation-api-1.2.2.jar;C:\Users\user\.m2\repository\org\assertj\assertj-core\3.22.0\assertj-core-3.22.0.jar;C:\Users\user\.m2\repository\org\hamcrest\hamcrest\2.2\hamcrest-2.2.jar;C:\Users\user\.m2\repository\org\junit\jupiter\junit-jupiter\5.8.2\junit-jupiter-5.8.2.jar;C:\Users\user\.m2\repository\org\junit\jupiter\junit-jupiter-api\5.8.2\junit-jupiter-api-5.8.2.jar;C:\Users\user\.m2\repository\org\opentest4j\opentest4j\1.2.0\opentest4j-1.2.0.jar;C:\Users\user\.m2\repository\org\junit\platform\junit-platform-commons\1.8.2\junit-platform-commons-1.8.2.jar;C:\Users\user\.m2\repository\org\apiguardian\apiguardian-api\1.1.2\apiguardian-api-1.1.2.jar;C:\Users\user\.m2\repository\org\junit\jupiter\junit-jupiter-params\5.8.2\junit-jupiter-params-5.8.2.jar;C:\Users\user\.m2\repository\org\junit\jupiter\junit-jupiter-engine\5.8.2\junit-jupiter-engine-5.8.2.jar;C:\Users\user\.m2\repository\org\junit\platform\junit-platform-engine\1.8.2\junit-platform-engine-1.8.2.jar;C:\Users\user\.m2\repository\org\mockito\mockito-core\4.5.1\mockito-core-4.5.1.jar;C:\Users\user\.m2\repository\net\bytebuddy\byte-buddy-agent\1.12.17\byte-buddy-agent-1.12.17.jar;C:\Users\user\.m2\repository\org\objenesis\objenesis\3.2\objenesis-3.2.jar;C:\Users\user\.m2\repository\org\mockito\mockito-junit-jupiter\4.5.1\mockito-junit-jupiter-4.5.1.jar;C:\Users\user\.m2\repository\org\skyscreamer\jsonassert\1.5.1\jsonassert-1.5.1.jar;C:\Users\user\.m2\repository\com\vaadin\external\google\android-json\0.0.20131108.vaadin1\android-json-0.0.20131108.vaadin1.jar;C:\Users\user\.m2\repository\org\springframework\spring-test\5.3.23\spring-test-5.3.23.jar;C:\Users\user\.m2\repository\org\xmlunit\xmlunit-core\2.9.0\xmlunit-core-2.9.0.jar;C:\Users\user\.m2\repository\org\springframework\security\spring-security-config\5.7.3\spring-security-config-5.7.3.jar;C:\Users\user\.m2\repository\org\springframework\boot\spring-boot-starter-security\2.7.4\spring-boot-starter-security-2.7.4.jar;C:\Users\user\.m2\repository\org\apache\velocity\velocity\1.5\velocity-1.5.jar;C:\Users\user\.m2\repository\commons-collections\commons-collections\3.1\commons-collections-3.1.jar;C:\Users\user\.m2\repository\commons-lang\commons-lang\2.1\commons-lang-2.1.jar;C:\Users\user\.m2\repository\oro\oro\2.0.8\oro-2.0.8.jar
Launcher Type: SUN_STANDARD

[Global flags]
     intx CICompilerCount                          = 4                                         {product} {ergonomic}
     uint ConcGCThreads                            = 3                                         {product} {ergonomic}
     uint G1ConcRefinementThreads                  = 10                                        {product} {ergonomic}
   size_t G1HeapRegionSize                         = 2097152                                   {product} {ergonomic}
    uintx GCDrainStackTargetSize                   = 64                                        {product} {ergonomic}
   size_t InitialHeapSize                          = 266338304                                 {product} {ergonomic}
   size_t MarkStackSize                            = 4194304                                   {product} {ergonomic}
   size_t MaxHeapSize                              = 4238344192                                {product} {ergonomic}
   size_t MaxNewSize                               = 2541748224                                {product} {ergonomic}
   size_t MinHeapDeltaBytes                        = 2097152                                   {product} {ergonomic}
   size_t MinHeapSize                              = 8388608                                   {product} {ergonomic}
    uintx NonNMethodCodeHeapSize                   = 5839372                                {pd product} {ergonomic}
    uintx NonProfiledCodeHeapSize                  = 122909434                              {pd product} {ergonomic}
    uintx ProfiledCodeHeapSize                     = 122909434                              {pd product} {ergonomic}
    uintx ReservedCodeCacheSize                    = 251658240                              {pd product} {ergonomic}
     bool SegmentedCodeCache                       = true                                      {product} {ergonomic}
   size_t SoftMaxHeapSize                          = 4238344192                             {manageable} {ergonomic}
     bool UseCompressedClassPointers               = true                           {product lp64_product} {ergonomic}
     bool UseCompressedOops                        = true                           {product lp64_product} {ergonomic}
     bool UseG1GC                                  = true                                      {product} {ergonomic}
     bool UseLargePagesIndividualAllocation        = false                                  {pd product} {ergonomic}

Logging:
Log output configuration:
 #0: stdout all=warning uptime,level,tags foldmultilines=false
 #1: stderr all=off uptime,level,tags foldmultilines=false

Environment Variables:
PATH=C:\Users\user\AppData\Local\Programs\Python\Python310;C:\Windows;C:\Windows\System32\Wbem;C:\Windows\System32\WindowsPowerShell\v1.0\;C:\Windows\System32\OpenSSH\;C:\Program Files (x86)\NVIDIA Corporation\PhysX\Common;C:\Program Files\NVIDIA Corporation\NVIDIA NvDLISR;C:\WINDOWS\system32;C:\WINDOWS;C:\WINDOWS\System32\Wbem;C:\WINDOWS\System32\WindowsPowerShell\v1.0\;C:\WINDOWS\System32\OpenSSH\;C:\Program Files\Git\cmd;C:\Program Files\dotnet\;C:\xampp\php;C:\ProgramData\ComposerSetup\bin;C:\Users\user\AppData\Roaming\Composer\vendor\bin;C:\laragon\bin\php\php-8.1.10-Win32-vs16-x64;C:\Program Files\Java\jdk-11.0.2\bin;C:\ProgramData\chocolatey\bin;C:\Program Files\MySQL\MySQL Server 8.0\bin;C:\Program Files\Dart\dart-sdk\bin;C:\Users\user\AppData\Local\Programs\Python\Python310\Scripts\;C:\Users\user\AppData\Local\Programs\Python\Python310;C:\Program Files\MySQL\MySQL Shell 8.0\bin\;C:\Users\user\AppData\Local\Microsoft\WindowsApps;C:\Users\user\AppData\Local\Programs\Microsoft VS Code\bin;C:\flutter\bin;C:\Users\user\.dotnet\tools;C:\Users\user\AppData\Roaming\Composer\vendor\bin;C:\laragon\bin\php\php-8.1.10-Win32-vs16-x64;C:\tools\dart-sdk\bin;C:\Users\user\AppData\Roaming\Pub\Cache\bin;
USERNAME=user
OS=Windows_NT
PROCESSOR_IDENTIFIER=Intel64 Family 6 Model 141 Stepping 1, GenuineIntel
TMP=C:\Users\user\AppData\Local\Temp
TEMP=C:\Users\user\AppData\Local\Temp



---------------  S Y S T E M  ---------------

OS:
 Windows 11 , 64 bit Build 22621 (10.0.22621.3958)
OS uptime: 0 days 0:38 hours
Hyper-V role detected

CPU: total 12 (initial active 12) (6 cores per cpu, 2 threads per core) family 6 model 141 stepping 1 microcode 0x3c, cx8, cmov, fxsr, ht, mmx, 3dnowpref, sse, sse2, sse3, ssse3, sse4.1, sse4.2, popcnt, lzcnt, tsc, tscinvbit, avx, avx2, aes, erms, clmul, bmi1, bmi2, adx, avx512f, avx512dq, avx512cd, avx512bw, avx512vl, sha, fma, vzeroupper, avx512_vpopcntdq, avx512_vpclmulqdq, avx512_vaes, avx512_vnni, clflush, clflushopt, clwb, avx512_vbmi2, avx512_vbmi, hv, rdtscp, rdpid, fsrm, gfni, avx512_bitalg

Memory: 4k page, system-wide physical 16163M (4048M free)
TotalPageFile size 16163M (AvailPageFile size 4M)
current process WorkingSet (physical memory assigned to process): 26M, peak: 26M
current process commit charge ("private bytes"): 344M, peak: 344M

vm_info: OpenJDK 64-Bit Server VM (19+36-2238) for windows-amd64 JRE (19+36-2238), built on 2022-08-12T20:29:01Z by "mach5one" with MS VC++ 17.1 (VS2022)

END.
